2026-06-10 11:53:49 - Add WHEEL
2026-06-10 12:40:07 - Add test_delete.cpython-310.pyc
2026-06-10 19:52:00 - Add _credentials_async.py
2026-06-10 17:48:31 - Add _deprecation.cpython-310.pyc
2026-06-10 10:40:49 - Add urllib3.py
2026-06-10 11:56:40 - Add _subprocesses.py
2026-06-12 19:10:29 - Add __init__.py
2026-06-12 11:00:28 - Add _default.cpython-310.pyc
2026-06-12 17:48:39 - Add vengine_gen.py
2026-06-12 14:29:36 - Add __init__.py
2026-06-12 17:56:14 - Add x448.py
2026-06-12 20:21:49 - Add _default.py
2026-06-12 20:42:10 - Add variables.cpython-310.pyc
2026-06-12 14:04:49 - Add _asymmetric.cpython-310.pyc
2026-06-12 12:39:04 - Add _shimmed_dist_utils.cpython-310.pyc
2026-06-12 13:33:50 - Add encoders.py
2026-06-12 20:01:30 - Add __init__.cpython-310.pyc
2026-06-12 11:34:32 - Add __about__.py
2026-06-12 12:18:16 - Add test_custom_client.cpython-310.pyc
2026-06-12 08:50:34 - Add requests.cpython-310.pyc
2026-06-12 19:54:19 - Add base.py
2026-06-12 15:49:44 - Add _http_client.py
2026-06-12 11:35:34 - Add _asyncio.py
2026-06-12 16:17:59 - Add aws.cpython-310.pyc
2026-06-12 14:13:24 - Add __init__.cpython-310.pyc
2026-06-12 16:56:08 - Add _refresh_worker.cpython-310.pyc
